<?xml version="1.0" encoding="UTF-8"?>
<!-- Generated by org.testng.reporters.JUnitReportReporter -->
<testsuite hostname="HenTryRAj-PC" name="com.vtiger.script.TestCreateCampaign" tests="1" failures="0" timestamp="27 Jan 2020 09:18:57 GMT" time="65.962" errors="0">
  <testcase name="createCampaignWithProduct" time="65.962" classname="com.vtiger.script.TestCreateCampaign"/>
</testsuite> <!-- com.vtiger.script.TestCreateCampaign -->
