<?xml version="1.0" encoding="UTF-8"?>
<!-- Generated by org.testng.reporters.JUnitReportReporter -->
<testsuite hostname="HenTryRAj-PC" name="com.vtiger.script.TestCreateOrganizationTest" tests="3" failures="0" timestamp="28 Jan 2020 14:30:48 GMT" time="209.169" errors="0">
  <testcase name="toCreateOrganizationWithMember" time="31.791" classname="com.vtiger.script.TestCreateOrganizationTest"/>
  <testcase name="createOrganization" time="84.065" classname="com.vtiger.script.TestCreateOrganizationTest"/>
  <testcase name="toCreateOrganizationWithPhoneNumber" time="93.313" classname="com.vtiger.script.TestCreateOrganizationTest"/>
</testsuite> <!-- com.vtiger.script.TestCreateOrganizationTest -->
