<?xml version="1.0" encoding="UTF-8"?>
<!-- Generated by org.testng.reporters.JUnitReportReporter -->
<testsuite hostname="HenTryRAj-PC" name="com.vtiger.script.TestCreateOrganization" tests="2" failures="0" timestamp="27 Jan 2020 04:26:51 GMT" time="114.584" errors="0">
  <testcase name="testScriptWithoutMember" time="57.393" classname="com.vtiger.script.TestCreateOrganization"/>
  <testcase name="testScriptWithMember" time="57.191" classname="com.vtiger.script.TestCreateOrganization"/>
</testsuite> <!-- com.vtiger.script.TestCreateOrganization -->
