<?xml version="1.0" encoding="UTF-8"?>
<!-- Generated by org.testng.reporters.JUnitReportReporter -->
<testsuite hostname="HenTryRAj-PC" name="com.vtiger.productTest.TestCreateProductTest" tests="2" failures="0" timestamp="30 Jan 2020 05:14:10 GMT" time="99.603" errors="0">
  <testcase name="createProductWith" time="20.711" classname="com.vtiger.productTest.TestCreateProductTest"/>
  <testcase name="createProduct" time="78.892" classname="com.vtiger.productTest.TestCreateProductTest"/>
</testsuite> <!-- com.vtiger.productTest.TestCreateProductTest -->
